[2022-04-13 16:41:02] local.ERROR: The "--create" option does not exist. {"exception":"[object] (Symfony\\Component\\Console\\Exception\\RuntimeException(code: 0): The \"--create\" option does not exist. at /home/mvera/Proyectos/LATINSOFT/GESTRA/APP GESTRA/api-laravel9/vendor/symfony/console/Input/ArgvInput.php:220)
[stacktrace]
#0 /home/mvera/Proyectos/LATINSOFT/GESTRA/APP GESTRA/api-laravel9/vendor/symfony/console/Input/ArgvInput.php(147): Symfony\\Component\\Console\\Input\\ArgvInput->addLongOption('create', 'tb_moviles')
#1 /home/mvera/Proyectos/LATINSOFT/GESTRA/APP GESTRA/api-laravel9/vendor/symfony/console/Input/ArgvInput.php(82): Symfony\\Component\\Console\\Input\\ArgvInput->parseLongOption('--create=tb_mov...')
#2 /home/mvera/Proyectos/LATINSOFT/GESTRA/APP GESTRA/api-laravel9/vendor/symfony/console/Input/ArgvInput.php(71): Symfony\\Component\\Console\\Input\\ArgvInput->parseToken('--create=tb_mov...', true)
#3 /home/mvera/Proyectos/LATINSOFT/GESTRA/APP GESTRA/api-laravel9/vendor/symfony/console/Input/Input.php(55): Symfony\\Component\\Console\\Input\\ArgvInput->parse()
#4 /home/mvera/Proyectos/LATINSOFT/GESTRA/APP GESTRA/api-laravel9/vendor/symfony/console/Command/Command.php(257): Symfony\\Component\\Console\\Input\\Input->bind(Object(Symfony\\Component\\Console\\Input\\InputDefinition))
#5 /home/mvera/Proyectos/LATINSOFT/GESTRA/APP GESTRA/api-laravel9/vendor/laravel/framework/src/Illuminate/Console/Command.php(121): Symfony\\Component\\Console\\Command\\Command->run(Object(Symfony\\Component\\Console\\Input\\ArgvInput), Object(Illuminate\\Console\\OutputStyle))
#6 /home/mvera/Proyectos/LATINSOFT/GESTRA/APP GESTRA/api-laravel9/vendor/symfony/console/Application.php(1015): Illuminate\\Console\\Command->run(Object(Symfony\\Component\\Console\\Input\\ArgvInput), Object(Symfony\\Component\\Console\\Output\\ConsoleOutput))
#7 /home/mvera/Proyectos/LATINSOFT/GESTRA/APP GESTRA/api-laravel9/vendor/symfony/console/Application.php(299): Symfony\\Component\\Console\\Application->doRunCommand(Object(Illuminate\\Foundation\\Console\\ModelMakeCommand), Object(Symfony\\Component\\Console\\Input\\ArgvInput), Object(Symfony\\Component\\Console\\Output\\ConsoleOutput))
#8 /home/mvera/Proyectos/LATINSOFT/GESTRA/APP GESTRA/api-laravel9/vendor/symfony/console/Application.php(171): Symfony\\Component\\Console\\Application->doRun(Object(Symfony\\Component\\Console\\Input\\ArgvInput), Object(Symfony\\Component\\Console\\Output\\ConsoleOutput))
#9 /home/mvera/Proyectos/LATINSOFT/GESTRA/APP GESTRA/api-laravel9/vendor/laravel/framework/src/Illuminate/Console/Application.php(94): Symfony\\Component\\Console\\Application->run(Object(Symfony\\Component\\Console\\Input\\ArgvInput), Object(Symfony\\Component\\Console\\Output\\ConsoleOutput))
#10 /home/mvera/Proyectos/LATINSOFT/GESTRA/APP GESTRA/api-laravel9/vendor/laravel/framework/src/Illuminate/Foundation/Console/Kernel.php(129): Illuminate\\Console\\Application->run(Object(Symfony\\Component\\Console\\Input\\ArgvInput), Object(Symfony\\Component\\Console\\Output\\ConsoleOutput))
#11 /home/mvera/Proyectos/LATINSOFT/GESTRA/APP GESTRA/api-laravel9/artisan(37): Illuminate\\Foundation\\Console\\Kernel->handle(Object(Symfony\\Component\\Console\\Input\\ArgvInput), Object(Symfony\\Component\\Console\\Output\\ConsoleOutput))
#12 {main}
"} 
[2022-04-13 16:56:59] local.ERROR: SQLSTATE[HY000] [1045] Access denied for user 'root'@'localhost' (using password: NO) (SQL: select * from information_schema.tables where table_schema = db_laravel and table_name = tb_migrations and table_type = 'BASE TABLE') {"exception":"[object] (Illuminate\\Database\\QueryException(code: 1045): SQLSTATE[HY000] [1045] Access denied for user 'root'@'localhost' (using password: NO) (SQL: select * from information_schema.tables where table_schema = db_laravel and table_name = tb_migrations and table_type = 'BASE TABLE') at /home/mvera/Proyectos/LATINSOFT/GESTRA/APP GESTRA/api-laravel9/vendor/laravel/framework/src/Illuminate/Database/Connection.php:712)
[stacktrace]
#0 /home/mvera/Proyectos/LATINSOFT/GESTRA/APP GESTRA/api-laravel9/vendor/laravel/framework/src/Illuminate/Database/Connection.php(672): Illuminate\\Database\\Connection->runQueryCallback('select * from i...', Array, Object(Closure))
#1 /home/mvera/Proyectos/LATINSOFT/GESTRA/APP GESTRA/api-laravel9/vendor/laravel/framework/src/Illuminate/Database/Connection.php(376): Illuminate\\Database\\Connection->run('select * from i...', Array, Object(Closure))
#2 /home/mvera/Proyectos/LATINSOFT/GESTRA/APP GESTRA/api-laravel9/vendor/laravel/framework/src/Illuminate/Database/Schema/MySqlBuilder.php(44): Illuminate\\Database\\Connection->select('select * from i...', Array)
#3 /home/mvera/Proyectos/LATINSOFT/GESTRA/APP GESTRA/api-laravel9/vendor/laravel/framework/src/Illuminate/Database/Migrations/DatabaseMigrationRepository.php(169): Illuminate\\Database\\Schema\\MySqlBuilder->hasTable('tb_migrations')
#4 /home/mvera/Proyectos/LATINSOFT/GESTRA/APP GESTRA/api-laravel9/vendor/laravel/framework/src/Illuminate/Database/Migrations/Migrator.php(673): Illuminate\\Database\\Migrations\\DatabaseMigrationRepository->repositoryExists()
#5 /home/mvera/Proyectos/LATINSOFT/GESTRA/APP GESTRA/api-laravel9/vendor/laravel/framework/src/Illuminate/Database/Console/Migrations/MigrateCommand.php(110): Illuminate\\Database\\Migrations\\Migrator->repositoryExists()
#6 /home/mvera/Proyectos/LATINSOFT/GESTRA/APP GESTRA/api-laravel9/vendor/laravel/framework/src/Illuminate/Database/Console/Migrations/MigrateCommand.php(78): Illuminate\\Database\\Console\\Migrations\\MigrateCommand->prepareDatabase()
#7 /home/mvera/Proyectos/LATINSOFT/GESTRA/APP GESTRA/api-laravel9/vendor/laravel/framework/src/Illuminate/Database/Migrations/Migrator.php(606): Illuminate\\Database\\Console\\Migrations\\MigrateCommand->Illuminate\\Database\\Console\\Migrations\\{closure}()
#8 /home/mvera/Proyectos/LATINSOFT/GESTRA/APP GESTRA/api-laravel9/vendor/laravel/framework/src/Illuminate/Database/Console/Migrations/MigrateCommand.php(98): Illuminate\\Database\\Migrations\\Migrator->usingConnection(NULL, Object(Closure))
#9 /home/mvera/Proyectos/LATINSOFT/GESTRA/APP GESTRA/api-laravel9/vendor/laravel/framework/src/Illuminate/Container/BoundMethod.php(36): Illuminate\\Database\\Console\\Migrations\\MigrateCommand->handle()
#10 /home/mvera/Proyectos/LATINSOFT/GESTRA/APP GESTRA/api-laravel9/vendor/laravel/framework/src/Illuminate/Container/Util.php(40): Illuminate\\Container\\BoundMethod::Illuminate\\Container\\{closure}()
#11 /home/mvera/Proyectos/LATINSOFT/GESTRA/APP GESTRA/api-laravel9/vendor/laravel/framework/src/Illuminate/Container/BoundMethod.php(93): Illuminate\\Container\\Util::unwrapIfClosure(Object(Closure))
#12 /home/mvera/Proyectos/LATINSOFT/GESTRA/APP GESTRA/api-laravel9/vendor/laravel/framework/src/Illuminate/Container/BoundMethod.php(37): Illuminate\\Container\\BoundMethod::callBoundMethod(Object(Illuminate\\Foundation\\Application), Array, Object(Closure))
#13 /home/mvera/Proyectos/LATINSOFT/GESTRA/APP GESTRA/api-laravel9/vendor/laravel/framework/src/Illuminate/Container/Container.php(653): Illuminate\\Container\\BoundMethod::call(Object(Illuminate\\Foundation\\Application), Array, Array, NULL)
#14 /home/mvera/Proyectos/LATINSOFT/GESTRA/APP GESTRA/api-laravel9/vendor/laravel/framework/src/Illuminate/Console/Command.php(136): Illuminate\\Container\\Container->call(Array)
#15 /home/mvera/Proyectos/LATINSOFT/GESTRA/APP GESTRA/api-laravel9/vendor/symfony/console/Command/Command.php(298): Illuminate\\Console\\Command->execute(Object(Symfony\\Component\\Console\\Input\\ArgvInput), Object(Illuminate\\Console\\OutputStyle))
#16 /home/mvera/Proyectos/LATINSOFT/GESTRA/APP GESTRA/api-laravel9/vendor/laravel/framework/src/Illuminate/Console/Command.php(121): Symfony\\Component\\Console\\Command\\Command->run(Object(Symfony\\Component\\Console\\Input\\ArgvInput), Object(Illuminate\\Console\\OutputStyle))
#17 /home/mvera/Proyectos/LATINSOFT/GESTRA/APP GESTRA/api-laravel9/vendor/symfony/console/Application.php(1015): Illuminate\\Console\\Command->run(Object(Symfony\\Component\\Console\\Input\\ArgvInput), Object(Symfony\\Component\\Console\\Output\\ConsoleOutput))
#18 /home/mvera/Proyectos/LATINSOFT/GESTRA/APP GESTRA/api-laravel9/vendor/symfony/console/Application.php(299): Symfony\\Component\\Console\\Application->doRunCommand(Object(Illuminate\\Database\\Console\\Migrations\\MigrateCommand), Object(Symfony\\Component\\Console\\Input\\ArgvInput), Object(Symfony\\Component\\Console\\Output\\ConsoleOutput))
#19 /home/mvera/Proyectos/LATINSOFT/GESTRA/APP GESTRA/api-laravel9/vendor/symfony/console/Application.php(171): Symfony\\Component\\Console\\Application->doRun(Object(Symfony\\Component\\Console\\Input\\ArgvInput), Object(Symfony\\Component\\Console\\Output\\ConsoleOutput))
#20 /home/mvera/Proyectos/LATINSOFT/GESTRA/APP GESTRA/api-laravel9/vendor/laravel/framework/src/Illuminate/Console/Application.php(94): Symfony\\Component\\Console\\Application->run(Object(Symfony\\Component\\Console\\Input\\ArgvInput), Object(Symfony\\Component\\Console\\Output\\ConsoleOutput))
#21 /home/mvera/Proyectos/LATINSOFT/GESTRA/APP GESTRA/api-laravel9/vendor/laravel/framework/src/Illuminate/Foundation/Console/Kernel.php(129): Illuminate\\Console\\Application->run(Object(Symfony\\Component\\Console\\Input\\ArgvInput), Object(Symfony\\Component\\Console\\Output\\ConsoleOutput))
#22 /home/mvera/Proyectos/LATINSOFT/GESTRA/APP GESTRA/api-laravel9/artisan(37): Illuminate\\Foundation\\Console\\Kernel->handle(Object(Symfony\\Component\\Console\\Input\\ArgvInput), Object(Symfony\\Component\\Console\\Output\\ConsoleOutput))
#23 {main}

[previous exception] [object] (PDOException(code: 1045): SQLSTATE[HY000] [1045] Access denied for user 'root'@'localhost' (using password: NO) at /home/mvera/Proyectos/LATINSOFT/GESTRA/APP GESTRA/api-laravel9/vendor/laravel/framework/src/Illuminate/Database/Connectors/Connector.php:70)
[stacktrace]
#0 /home/mvera/Proyectos/LATINSOFT/GESTRA/APP GESTRA/api-laravel9/vendor/laravel/framework/src/Illuminate/Database/Connectors/Connector.php(70): PDO->__construct('mysql:host=127....', 'root', '', Array)
#1 /home/mvera/Proyectos/LATINSOFT/GESTRA/APP GESTRA/api-laravel9/vendor/laravel/framework/src/Illuminate/Database/Connectors/Connector.php(46): Illuminate\\Database\\Connectors\\Connector->createPdoConnection('mysql:host=127....', 'root', '', Array)
#2 /home/mvera/Proyectos/LATINSOFT/GESTRA/APP GESTRA/api-laravel9/vendor/laravel/framework/src/Illuminate/Database/Connectors/MySqlConnector.php(24): Illuminate\\Database\\Connectors\\Connector->createConnection('mysql:host=127....', Array, Array)
#3 /home/mvera/Proyectos/LATINSOFT/GESTRA/APP GESTRA/api-laravel9/vendor/laravel/framework/src/Illuminate/Database/Connectors/ConnectionFactory.php(184): Illuminate\\Database\\Connectors\\MySqlConnector->connect(Array)
#4 [internal function]: Illuminate\\Database\\Connectors\\ConnectionFactory->Illuminate\\Database\\Connectors\\{closure}()
#5 /home/mvera/Proyectos/LATINSOFT/GESTRA/APP GESTRA/api-laravel9/vendor/laravel/framework/src/Illuminate/Database/Connection.php(1064): call_user_func(Object(Closure))
#6 /home/mvera/Proyectos/LATINSOFT/GESTRA/APP GESTRA/api-laravel9/vendor/laravel/framework/src/Illuminate/Database/Connection.php(1100): Illuminate\\Database\\Connection->getPdo()
#7 /home/mvera/Proyectos/LATINSOFT/GESTRA/APP GESTRA/api-laravel9/vendor/laravel/framework/src/Illuminate/Database/Connection.php(442): Illuminate\\Database\\Connection->getReadPdo()
#8 /home/mvera/Proyectos/LATINSOFT/GESTRA/APP GESTRA/api-laravel9/vendor/laravel/framework/src/Illuminate/Database/Connection.php(368): Illuminate\\Database\\Connection->getPdoForSelect(true)
#9 /home/mvera/Proyectos/LATINSOFT/GESTRA/APP GESTRA/api-laravel9/vendor/laravel/framework/src/Illuminate/Database/Connection.php(705): Illuminate\\Database\\Connection->Illuminate\\Database\\{closure}('select * from i...', Array)
#10 /home/mvera/Proyectos/LATINSOFT/GESTRA/APP GESTRA/api-laravel9/vendor/laravel/framework/src/Illuminate/Database/Connection.php(672): Illuminate\\Database\\Connection->runQueryCallback('select * from i...', Array, Object(Closure))
#11 /home/mvera/Proyectos/LATINSOFT/GESTRA/APP GESTRA/api-laravel9/vendor/laravel/framework/src/Illuminate/Database/Connection.php(376): Illuminate\\Database\\Connection->run('select * from i...', Array, Object(Closure))
#12 /home/mvera/Proyectos/LATINSOFT/GESTRA/APP GESTRA/api-laravel9/vendor/laravel/framework/src/Illuminate/Database/Schema/MySqlBuilder.php(44): Illuminate\\Database\\Connection->select('select * from i...', Array)
#13 /home/mvera/Proyectos/LATINSOFT/GESTRA/APP GESTRA/api-laravel9/vendor/laravel/framework/src/Illuminate/Database/Migrations/DatabaseMigrationRepository.php(169): Illuminate\\Database\\Schema\\MySqlBuilder->hasTable('tb_migrations')
#14 /home/mvera/Proyectos/LATINSOFT/GESTRA/APP GESTRA/api-laravel9/vendor/laravel/framework/src/Illuminate/Database/Migrations/Migrator.php(673): Illuminate\\Database\\Migrations\\DatabaseMigrationRepository->repositoryExists()
#15 /home/mvera/Proyectos/LATINSOFT/GESTRA/APP GESTRA/api-laravel9/vendor/laravel/framework/src/Illuminate/Database/Console/Migrations/MigrateCommand.php(110): Illuminate\\Database\\Migrations\\Migrator->repositoryExists()
#16 /home/mvera/Proyectos/LATINSOFT/GESTRA/APP GESTRA/api-laravel9/vendor/laravel/framework/src/Illuminate/Database/Console/Migrations/MigrateCommand.php(78): Illuminate\\Database\\Console\\Migrations\\MigrateCommand->prepareDatabase()
#17 /home/mvera/Proyectos/LATINSOFT/GESTRA/APP GESTRA/api-laravel9/vendor/laravel/framework/src/Illuminate/Database/Migrations/Migrator.php(606): Illuminate\\Database\\Console\\Migrations\\MigrateCommand->Illuminate\\Database\\Console\\Migrations\\{closure}()
#18 /home/mvera/Proyectos/LATINSOFT/GESTRA/APP GESTRA/api-laravel9/vendor/laravel/framework/src/Illuminate/Database/Console/Migrations/MigrateCommand.php(98): Illuminate\\Database\\Migrations\\Migrator->usingConnection(NULL, Object(Closure))
#19 /home/mvera/Proyectos/LATINSOFT/GESTRA/APP GESTRA/api-laravel9/vendor/laravel/framework/src/Illuminate/Container/BoundMethod.php(36): Illuminate\\Database\\Console\\Migrations\\MigrateCommand->handle()
#20 /home/mvera/Proyectos/LATINSOFT/GESTRA/APP GESTRA/api-laravel9/vendor/laravel/framework/src/Illuminate/Container/Util.php(40): Illuminate\\Container\\BoundMethod::Illuminate\\Container\\{closure}()
#21 /home/mvera/Proyectos/LATINSOFT/GESTRA/APP GESTRA/api-laravel9/vendor/laravel/framework/src/Illuminate/Container/BoundMethod.php(93): Illuminate\\Container\\Util::unwrapIfClosure(Object(Closure))
#22 /home/mvera/Proyectos/LATINSOFT/GESTRA/APP GESTRA/api-laravel9/vendor/laravel/framework/src/Illuminate/Container/BoundMethod.php(37): Illuminate\\Container\\BoundMethod::callBoundMethod(Object(Illuminate\\Foundation\\Application), Array, Object(Closure))
#23 /home/mvera/Proyectos/LATINSOFT/GESTRA/APP GESTRA/api-laravel9/vendor/laravel/framework/src/Illuminate/Container/Container.php(653): Illuminate\\Container\\BoundMethod::call(Object(Illuminate\\Foundation\\Application), Array, Array, NULL)
#24 /home/mvera/Proyectos/LATINSOFT/GESTRA/APP GESTRA/api-laravel9/vendor/laravel/framework/src/Illuminate/Console/Command.php(136): Illuminate\\Container\\Container->call(Array)
#25 /home/mvera/Proyectos/LATINSOFT/GESTRA/APP GESTRA/api-laravel9/vendor/symfony/console/Command/Command.php(298): Illuminate\\Console\\Command->execute(Object(Symfony\\Component\\Console\\Input\\ArgvInput), Object(Illuminate\\Console\\OutputStyle))
#26 /home/mvera/Proyectos/LATINSOFT/GESTRA/APP GESTRA/api-laravel9/vendor/laravel/framework/src/Illuminate/Console/Command.php(121): Symfony\\Component\\Console\\Command\\Command->run(Object(Symfony\\Component\\Console\\Input\\ArgvInput), Object(Illuminate\\Console\\OutputStyle))
#27 /home/mvera/Proyectos/LATINSOFT/GESTRA/APP GESTRA/api-laravel9/vendor/symfony/console/Application.php(1015): Illuminate\\Console\\Command->run(Object(Symfony\\Component\\Console\\Input\\ArgvInput), Object(Symfony\\Component\\Console\\Output\\ConsoleOutput))
#28 /home/mvera/Proyectos/LATINSOFT/GESTRA/APP GESTRA/api-laravel9/vendor/symfony/console/Application.php(299): Symfony\\Component\\Console\\Application->doRunCommand(Object(Illuminate\\Database\\Console\\Migrations\\MigrateCommand), Object(Symfony\\Component\\Console\\Input\\ArgvInput), Object(Symfony\\Component\\Console\\Output\\ConsoleOutput))
#29 /home/mvera/Proyectos/LATINSOFT/GESTRA/APP GESTRA/api-laravel9/vendor/symfony/console/Application.php(171): Symfony\\Component\\Console\\Application->doRun(Object(Symfony\\Component\\Console\\Input\\ArgvInput), Object(Symfony\\Component\\Console\\Output\\ConsoleOutput))
#30 /home/mvera/Proyectos/LATINSOFT/GESTRA/APP GESTRA/api-laravel9/vendor/laravel/framework/src/Illuminate/Console/Application.php(94): Symfony\\Component\\Console\\Application->run(Object(Symfony\\Component\\Console\\Input\\ArgvInput), Object(Symfony\\Component\\Console\\Output\\ConsoleOutput))
#31 /home/mvera/Proyectos/LATINSOFT/GESTRA/APP GESTRA/api-laravel9/vendor/laravel/framework/src/Illuminate/Foundation/Console/Kernel.php(129): Illuminate\\Console\\Application->run(Object(Symfony\\Component\\Console\\Input\\ArgvInput), Object(Symfony\\Component\\Console\\Output\\ConsoleOutput))
#32 /home/mvera/Proyectos/LATINSOFT/GESTRA/APP GESTRA/api-laravel9/artisan(37): Illuminate\\Foundation\\Console\\Kernel->handle(Object(Symfony\\Component\\Console\\Input\\ArgvInput), Object(Symfony\\Component\\Console\\Output\\ConsoleOutput))
#33 {main}
"} 
[2022-04-13 16:57:38] local.ERROR: SQLSTATE[HY000] [1045] Access denied for user 'root'@'localhost' (using password: NO) (SQL: select * from information_schema.tables where table_schema = db_laravel and table_name = tb_migrations and table_type = 'BASE TABLE') {"exception":"[object] (Illuminate\\Database\\QueryException(code: 1045): SQLSTATE[HY000] [1045] Access denied for user 'root'@'localhost' (using password: NO) (SQL: select * from information_schema.tables where table_schema = db_laravel and table_name = tb_migrations and table_type = 'BASE TABLE') at /home/mvera/Proyectos/LATINSOFT/GESTRA/APP GESTRA/api-laravel9/vendor/laravel/framework/src/Illuminate/Database/Connection.php:712)
[stacktrace]
#0 /home/mvera/Proyectos/LATINSOFT/GESTRA/APP GESTRA/api-laravel9/vendor/laravel/framework/src/Illuminate/Database/Connection.php(672): Illuminate\\Database\\Connection->runQueryCallback('select * from i...', Array, Object(Closure))
#1 /home/mvera/Proyectos/LATINSOFT/GESTRA/APP GESTRA/api-laravel9/vendor/laravel/framework/src/Illuminate/Database/Connection.php(376): Illuminate\\Database\\Connection->run('select * from i...', Array, Object(Closure))
#2 /home/mvera/Proyectos/LATINSOFT/GESTRA/APP GESTRA/api-laravel9/vendor/laravel/framework/src/Illuminate/Database/Schema/MySqlBuilder.php(44): Illuminate\\Database\\Connection->select('select * from i...', Array)
#3 /home/mvera/Proyectos/LATINSOFT/GESTRA/APP GESTRA/api-laravel9/vendor/laravel/framework/src/Illuminate/Database/Migrations/DatabaseMigrationRepository.php(169): Illuminate\\Database\\Schema\\MySqlBuilder->hasTable('tb_migrations')
#4 /home/mvera/Proyectos/LATINSOFT/GESTRA/APP GESTRA/api-laravel9/vendor/laravel/framework/src/Illuminate/Database/Migrations/Migrator.php(673): Illuminate\\Database\\Migrations\\DatabaseMigrationRepository->repositoryExists()
#5 /home/mvera/Proyectos/LATINSOFT/GESTRA/APP GESTRA/api-laravel9/vendor/laravel/framework/src/Illuminate/Database/Console/Migrations/MigrateCommand.php(110): Illuminate\\Database\\Migrations\\Migrator->repositoryExists()
#6 /home/mvera/Proyectos/LATINSOFT/GESTRA/APP GESTRA/api-laravel9/vendor/laravel/framework/src/Illuminate/Database/Console/Migrations/MigrateCommand.php(78): Illuminate\\Database\\Console\\Migrations\\MigrateCommand->prepareDatabase()
#7 /home/mvera/Proyectos/LATINSOFT/GESTRA/APP GESTRA/api-laravel9/vendor/laravel/framework/src/Illuminate/Database/Migrations/Migrator.php(606): Illuminate\\Database\\Console\\Migrations\\MigrateCommand->Illuminate\\Database\\Console\\Migrations\\{closure}()
#8 /home/mvera/Proyectos/LATINSOFT/GESTRA/APP GESTRA/api-laravel9/vendor/laravel/framework/src/Illuminate/Database/Console/Migrations/MigrateCommand.php(98): Illuminate\\Database\\Migrations\\Migrator->usingConnection(NULL, Object(Closure))
#9 /home/mvera/Proyectos/LATINSOFT/GESTRA/APP GESTRA/api-laravel9/vendor/laravel/framework/src/Illuminate/Container/BoundMethod.php(36): Illuminate\\Database\\Console\\Migrations\\MigrateCommand->handle()
#10 /home/mvera/Proyectos/LATINSOFT/GESTRA/APP GESTRA/api-laravel9/vendor/laravel/framework/src/Illuminate/Container/Util.php(40): Illuminate\\Container\\BoundMethod::Illuminate\\Container\\{closure}()
#11 /home/mvera/Proyectos/LATINSOFT/GESTRA/APP GESTRA/api-laravel9/vendor/laravel/framework/src/Illuminate/Container/BoundMethod.php(93): Illuminate\\Container\\Util::unwrapIfClosure(Object(Closure))
#12 /home/mvera/Proyectos/LATINSOFT/GESTRA/APP GESTRA/api-laravel9/vendor/laravel/framework/src/Illuminate/Container/BoundMethod.php(37): Illuminate\\Container\\BoundMethod::callBoundMethod(Object(Illuminate\\Foundation\\Application), Array, Object(Closure))
#13 /home/mvera/Proyectos/LATINSOFT/GESTRA/APP GESTRA/api-laravel9/vendor/laravel/framework/src/Illuminate/Container/Container.php(653): Illuminate\\Container\\BoundMethod::call(Object(Illuminate\\Foundation\\Application), Array, Array, NULL)
#14 /home/mvera/Proyectos/LATINSOFT/GESTRA/APP GESTRA/api-laravel9/vendor/laravel/framework/src/Illuminate/Console/Command.php(136): Illuminate\\Container\\Container->call(Array)
#15 /home/mvera/Proyectos/LATINSOFT/GESTRA/APP GESTRA/api-laravel9/vendor/symfony/console/Command/Command.php(298): Illuminate\\Console\\Command->execute(Object(Symfony\\Component\\Console\\Input\\ArgvInput), Object(Illuminate\\Console\\OutputStyle))
#16 /home/mvera/Proyectos/LATINSOFT/GESTRA/APP GESTRA/api-laravel9/vendor/laravel/framework/src/Illuminate/Console/Command.php(121): Symfony\\Component\\Console\\Command\\Command->run(Object(Symfony\\Component\\Console\\Input\\ArgvInput), Object(Illuminate\\Console\\OutputStyle))
#17 /home/mvera/Proyectos/LATINSOFT/GESTRA/APP GESTRA/api-laravel9/vendor/symfony/console/Application.php(1015): Illuminate\\Console\\Command->run(Object(Symfony\\Component\\Console\\Input\\ArgvInput), Object(Symfony\\Component\\Console\\Output\\ConsoleOutput))
#18 /home/mvera/Proyectos/LATINSOFT/GESTRA/APP GESTRA/api-laravel9/vendor/symfony/console/Application.php(299): Symfony\\Component\\Console\\Application->doRunCommand(Object(Illuminate\\Database\\Console\\Migrations\\MigrateCommand), Object(Symfony\\Component\\Console\\Input\\ArgvInput), Object(Symfony\\Component\\Console\\Output\\ConsoleOutput))
#19 /home/mvera/Proyectos/LATINSOFT/GESTRA/APP GESTRA/api-laravel9/vendor/symfony/console/Application.php(171): Symfony\\Component\\Console\\Application->doRun(Object(Symfony\\Component\\Console\\Input\\ArgvInput), Object(Symfony\\Component\\Console\\Output\\ConsoleOutput))
#20 /home/mvera/Proyectos/LATINSOFT/GESTRA/APP GESTRA/api-laravel9/vendor/laravel/framework/src/Illuminate/Console/Application.php(94): Symfony\\Component\\Console\\Application->run(Object(Symfony\\Component\\Console\\Input\\ArgvInput), Object(Symfony\\Component\\Console\\Output\\ConsoleOutput))
#21 /home/mvera/Proyectos/LATINSOFT/GESTRA/APP GESTRA/api-laravel9/vendor/laravel/framework/src/Illuminate/Foundation/Console/Kernel.php(129): Illuminate\\Console\\Application->run(Object(Symfony\\Component\\Console\\Input\\ArgvInput), Object(Symfony\\Component\\Console\\Output\\ConsoleOutput))
#22 /home/mvera/Proyectos/LATINSOFT/GESTRA/APP GESTRA/api-laravel9/artisan(37): Illuminate\\Foundation\\Console\\Kernel->handle(Object(Symfony\\Component\\Console\\Input\\ArgvInput), Object(Symfony\\Component\\Console\\Output\\ConsoleOutput))
#23 {main}

[previous exception] [object] (PDOException(code: 1045): SQLSTATE[HY000] [1045] Access denied for user 'root'@'localhost' (using password: NO) at /home/mvera/Proyectos/LATINSOFT/GESTRA/APP GESTRA/api-laravel9/vendor/laravel/framework/src/Illuminate/Database/Connectors/Connector.php:70)
[stacktrace]
#0 /home/mvera/Proyectos/LATINSOFT/GESTRA/APP GESTRA/api-laravel9/vendor/laravel/framework/src/Illuminate/Database/Connectors/Connector.php(70): PDO->__construct('mysql:host=127....', 'root', '', Array)
#1 /home/mvera/Proyectos/LATINSOFT/GESTRA/APP GESTRA/api-laravel9/vendor/laravel/framework/src/Illuminate/Database/Connectors/Connector.php(46): Illuminate\\Database\\Connectors\\Connector->createPdoConnection('mysql:host=127....', 'root', '', Array)
#2 /home/mvera/Proyectos/LATINSOFT/GESTRA/APP GESTRA/api-laravel9/vendor/laravel/framework/src/Illuminate/Database/Connectors/MySqlConnector.php(24): Illuminate\\Database\\Connectors\\Connector->createConnection('mysql:host=127....', Array, Array)
#3 /home/mvera/Proyectos/LATINSOFT/GESTRA/APP GESTRA/api-laravel9/vendor/laravel/framework/src/Illuminate/Database/Connectors/ConnectionFactory.php(184): Illuminate\\Database\\Connectors\\MySqlConnector->connect(Array)
#4 [internal function]: Illuminate\\Database\\Connectors\\ConnectionFactory->Illuminate\\Database\\Connectors\\{closure}()
#5 /home/mvera/Proyectos/LATINSOFT/GESTRA/APP GESTRA/api-laravel9/vendor/laravel/framework/src/Illuminate/Database/Connection.php(1064): call_user_func(Object(Closure))
#6 /home/mvera/Proyectos/LATINSOFT/GESTRA/APP GESTRA/api-laravel9/vendor/laravel/framework/src/Illuminate/Database/Connection.php(1100): Illuminate\\Database\\Connection->getPdo()
#7 /home/mvera/Proyectos/LATINSOFT/GESTRA/APP GESTRA/api-laravel9/vendor/laravel/framework/src/Illuminate/Database/Connection.php(442): Illuminate\\Database\\Connection->getReadPdo()
#8 /home/mvera/Proyectos/LATINSOFT/GESTRA/APP GESTRA/api-laravel9/vendor/laravel/framework/src/Illuminate/Database/Connection.php(368): Illuminate\\Database\\Connection->getPdoForSelect(true)
#9 /home/mvera/Proyectos/LATINSOFT/GESTRA/APP GESTRA/api-laravel9/vendor/laravel/framework/src/Illuminate/Database/Connection.php(705): Illuminate\\Database\\Connection->Illuminate\\Database\\{closure}('select * from i...', Array)
#10 /home/mvera/Proyectos/LATINSOFT/GESTRA/APP GESTRA/api-laravel9/vendor/laravel/framework/src/Illuminate/Database/Connection.php(672): Illuminate\\Database\\Connection->runQueryCallback('select * from i...', Array, Object(Closure))
#11 /home/mvera/Proyectos/LATINSOFT/GESTRA/APP GESTRA/api-laravel9/vendor/laravel/framework/src/Illuminate/Database/Connection.php(376): Illuminate\\Database\\Connection->run('select * from i...', Array, Object(Closure))
#12 /home/mvera/Proyectos/LATINSOFT/GESTRA/APP GESTRA/api-laravel9/vendor/laravel/framework/src/Illuminate/Database/Schema/MySqlBuilder.php(44): Illuminate\\Database\\Connection->select('select * from i...', Array)
#13 /home/mvera/Proyectos/LATINSOFT/GESTRA/APP GESTRA/api-laravel9/vendor/laravel/framework/src/Illuminate/Database/Migrations/DatabaseMigrationRepository.php(169): Illuminate\\Database\\Schema\\MySqlBuilder->hasTable('tb_migrations')
#14 /home/mvera/Proyectos/LATINSOFT/GESTRA/APP GESTRA/api-laravel9/vendor/laravel/framework/src/Illuminate/Database/Migrations/Migrator.php(673): Illuminate\\Database\\Migrations\\DatabaseMigrationRepository->repositoryExists()
#15 /home/mvera/Proyectos/LATINSOFT/GESTRA/APP GESTRA/api-laravel9/vendor/laravel/framework/src/Illuminate/Database/Console/Migrations/MigrateCommand.php(110): Illuminate\\Database\\Migrations\\Migrator->repositoryExists()
#16 /home/mvera/Proyectos/LATINSOFT/GESTRA/APP GESTRA/api-laravel9/vendor/laravel/framework/src/Illuminate/Database/Console/Migrations/MigrateCommand.php(78): Illuminate\\Database\\Console\\Migrations\\MigrateCommand->prepareDatabase()
#17 /home/mvera/Proyectos/LATINSOFT/GESTRA/APP GESTRA/api-laravel9/vendor/laravel/framework/src/Illuminate/Database/Migrations/Migrator.php(606): Illuminate\\Database\\Console\\Migrations\\MigrateCommand->Illuminate\\Database\\Console\\Migrations\\{closure}()
#18 /home/mvera/Proyectos/LATINSOFT/GESTRA/APP GESTRA/api-laravel9/vendor/laravel/framework/src/Illuminate/Database/Console/Migrations/MigrateCommand.php(98): Illuminate\\Database\\Migrations\\Migrator->usingConnection(NULL, Object(Closure))
#19 /home/mvera/Proyectos/LATINSOFT/GESTRA/APP GESTRA/api-laravel9/vendor/laravel/framework/src/Illuminate/Container/BoundMethod.php(36): Illuminate\\Database\\Console\\Migrations\\MigrateCommand->handle()
#20 /home/mvera/Proyectos/LATINSOFT/GESTRA/APP GESTRA/api-laravel9/vendor/laravel/framework/src/Illuminate/Container/Util.php(40): Illuminate\\Container\\BoundMethod::Illuminate\\Container\\{closure}()
#21 /home/mvera/Proyectos/LATINSOFT/GESTRA/APP GESTRA/api-laravel9/vendor/laravel/framework/src/Illuminate/Container/BoundMethod.php(93): Illuminate\\Container\\Util::unwrapIfClosure(Object(Closure))
#22 /home/mvera/Proyectos/LATINSOFT/GESTRA/APP GESTRA/api-laravel9/vendor/laravel/framework/src/Illuminate/Container/BoundMethod.php(37): Illuminate\\Container\\BoundMethod::callBoundMethod(Object(Illuminate\\Foundation\\Application), Array, Object(Closure))
#23 /home/mvera/Proyectos/LATINSOFT/GESTRA/APP GESTRA/api-laravel9/vendor/laravel/framework/src/Illuminate/Container/Container.php(653): Illuminate\\Container\\BoundMethod::call(Object(Illuminate\\Foundation\\Application), Array, Array, NULL)
#24 /home/mvera/Proyectos/LATINSOFT/GESTRA/APP GESTRA/api-laravel9/vendor/laravel/framework/src/Illuminate/Console/Command.php(136): Illuminate\\Container\\Container->call(Array)
#25 /home/mvera/Proyectos/LATINSOFT/GESTRA/APP GESTRA/api-laravel9/vendor/symfony/console/Command/Command.php(298): Illuminate\\Console\\Command->execute(Object(Symfony\\Component\\Console\\Input\\ArgvInput), Object(Illuminate\\Console\\OutputStyle))
#26 /home/mvera/Proyectos/LATINSOFT/GESTRA/APP GESTRA/api-laravel9/vendor/laravel/framework/src/Illuminate/Console/Command.php(121): Symfony\\Component\\Console\\Command\\Command->run(Object(Symfony\\Component\\Console\\Input\\ArgvInput), Object(Illuminate\\Console\\OutputStyle))
#27 /home/mvera/Proyectos/LATINSOFT/GESTRA/APP GESTRA/api-laravel9/vendor/symfony/console/Application.php(1015): Illuminate\\Console\\Command->run(Object(Symfony\\Component\\Console\\Input\\ArgvInput), Object(Symfony\\Component\\Console\\Output\\ConsoleOutput))
#28 /home/mvera/Proyectos/LATINSOFT/GESTRA/APP GESTRA/api-laravel9/vendor/symfony/console/Application.php(299): Symfony\\Component\\Console\\Application->doRunCommand(Object(Illuminate\\Database\\Console\\Migrations\\MigrateCommand), Object(Symfony\\Component\\Console\\Input\\ArgvInput), Object(Symfony\\Component\\Console\\Output\\ConsoleOutput))
#29 /home/mvera/Proyectos/LATINSOFT/GESTRA/APP GESTRA/api-laravel9/vendor/symfony/console/Application.php(171): Symfony\\Component\\Console\\Application->doRun(Object(Symfony\\Component\\Console\\Input\\ArgvInput), Object(Symfony\\Component\\Console\\Output\\ConsoleOutput))
#30 /home/mvera/Proyectos/LATINSOFT/GESTRA/APP GESTRA/api-laravel9/vendor/laravel/framework/src/Illuminate/Console/Application.php(94): Symfony\\Component\\Console\\Application->run(Object(Symfony\\Component\\Console\\Input\\ArgvInput), Object(Symfony\\Component\\Console\\Output\\ConsoleOutput))
#31 /home/mvera/Proyectos/LATINSOFT/GESTRA/APP GESTRA/api-laravel9/vendor/laravel/framework/src/Illuminate/Foundation/Console/Kernel.php(129): Illuminate\\Console\\Application->run(Object(Symfony\\Component\\Console\\Input\\ArgvInput), Object(Symfony\\Component\\Console\\Output\\ConsoleOutput))
#32 /home/mvera/Proyectos/LATINSOFT/GESTRA/APP GESTRA/api-laravel9/artisan(37): Illuminate\\Foundation\\Console\\Kernel->handle(Object(Symfony\\Component\\Console\\Input\\ArgvInput), Object(Symfony\\Component\\Console\\Output\\ConsoleOutput))
#33 {main}
"} 
[2022-04-13 16:59:33] local.ERROR: SQLSTATE[HY000] [1045] Access denied for user 'root'@'localhost' (using password: NO) (SQL: select * from information_schema.tables where table_schema = db_laravel and table_name = tb_migrations and table_type = 'BASE TABLE') {"exception":"[object] (Illuminate\\Database\\QueryException(code: 1045): SQLSTATE[HY000] [1045] Access denied for user 'root'@'localhost' (using password: NO) (SQL: select * from information_schema.tables where table_schema = db_laravel and table_name = tb_migrations and table_type = 'BASE TABLE') at /home/mvera/Proyectos/LATINSOFT/GESTRA/APP GESTRA/api-laravel9/vendor/laravel/framework/src/Illuminate/Database/Connection.php:712)
[stacktrace]
#0 /home/mvera/Proyectos/LATINSOFT/GESTRA/APP GESTRA/api-laravel9/vendor/laravel/framework/src/Illuminate/Database/Connection.php(672): Illuminate\\Database\\Connection->runQueryCallback('select * from i...', Array, Object(Closure))
#1 /home/mvera/Proyectos/LATINSOFT/GESTRA/APP GESTRA/api-laravel9/vendor/laravel/framework/src/Illuminate/Database/Connection.php(376): Illuminate\\Database\\Connection->run('select * from i...', Array, Object(Closure))
#2 /home/mvera/Proyectos/LATINSOFT/GESTRA/APP GESTRA/api-laravel9/vendor/laravel/framework/src/Illuminate/Database/Schema/MySqlBuilder.php(44): Illuminate\\Database\\Connection->select('select * from i...', Array)
#3 /home/mvera/Proyectos/LATINSOFT/GESTRA/APP GESTRA/api-laravel9/vendor/laravel/framework/src/Illuminate/Database/Migrations/DatabaseMigrationRepository.php(169): Illuminate\\Database\\Schema\\MySqlBuilder->hasTable('tb_migrations')
#4 /home/mvera/Proyectos/LATINSOFT/GESTRA/APP GESTRA/api-laravel9/vendor/laravel/framework/src/Illuminate/Database/Migrations/Migrator.php(673): Illuminate\\Database\\Migrations\\DatabaseMigrationRepository->repositoryExists()
#5 /home/mvera/Proyectos/LATINSOFT/GESTRA/APP GESTRA/api-laravel9/vendor/laravel/framework/src/Illuminate/Database/Console/Migrations/MigrateCommand.php(110): Illuminate\\Database\\Migrations\\Migrator->repositoryExists()
#6 /home/mvera/Proyectos/LATINSOFT/GESTRA/APP GESTRA/api-laravel9/vendor/laravel/framework/src/Illuminate/Database/Console/Migrations/MigrateCommand.php(78): Illuminate\\Database\\Console\\Migrations\\MigrateCommand->prepareDatabase()
#7 /home/mvera/Proyectos/LATINSOFT/GESTRA/APP GESTRA/api-laravel9/vendor/laravel/framework/src/Illuminate/Database/Migrations/Migrator.php(606): Illuminate\\Database\\Console\\Migrations\\MigrateCommand->Illuminate\\Database\\Console\\Migrations\\{closure}()
#8 /home/mvera/Proyectos/LATINSOFT/GESTRA/APP GESTRA/api-laravel9/vendor/laravel/framework/src/Illuminate/Database/Console/Migrations/MigrateCommand.php(98): Illuminate\\Database\\Migrations\\Migrator->usingConnection(NULL, Object(Closure))
#9 /home/mvera/Proyectos/LATINSOFT/GESTRA/APP GESTRA/api-laravel9/vendor/laravel/framework/src/Illuminate/Container/BoundMethod.php(36): Illuminate\\Database\\Console\\Migrations\\MigrateCommand->handle()
#10 /home/mvera/Proyectos/LATINSOFT/GESTRA/APP GESTRA/api-laravel9/vendor/laravel/framework/src/Illuminate/Container/Util.php(40): Illuminate\\Container\\BoundMethod::Illuminate\\Container\\{closure}()
#11 /home/mvera/Proyectos/LATINSOFT/GESTRA/APP GESTRA/api-laravel9/vendor/laravel/framework/src/Illuminate/Container/BoundMethod.php(93): Illuminate\\Container\\Util::unwrapIfClosure(Object(Closure))
#12 /home/mvera/Proyectos/LATINSOFT/GESTRA/APP GESTRA/api-laravel9/vendor/laravel/framework/src/Illuminate/Container/BoundMethod.php(37): Illuminate\\Container\\BoundMethod::callBoundMethod(Object(Illuminate\\Foundation\\Application), Array, Object(Closure))
#13 /home/mvera/Proyectos/LATINSOFT/GESTRA/APP GESTRA/api-laravel9/vendor/laravel/framework/src/Illuminate/Container/Container.php(653): Illuminate\\Container\\BoundMethod::call(Object(Illuminate\\Foundation\\Application), Array, Array, NULL)
#14 /home/mvera/Proyectos/LATINSOFT/GESTRA/APP GESTRA/api-laravel9/vendor/laravel/framework/src/Illuminate/Console/Command.php(136): Illuminate\\Container\\Container->call(Array)
#15 /home/mvera/Proyectos/LATINSOFT/GESTRA/APP GESTRA/api-laravel9/vendor/symfony/console/Command/Command.php(298): Illuminate\\Console\\Command->execute(Object(Symfony\\Component\\Console\\Input\\ArgvInput), Object(Illuminate\\Console\\OutputStyle))
#16 /home/mvera/Proyectos/LATINSOFT/GESTRA/APP GESTRA/api-laravel9/vendor/laravel/framework/src/Illuminate/Console/Command.php(121): Symfony\\Component\\Console\\Command\\Command->run(Object(Symfony\\Component\\Console\\Input\\ArgvInput), Object(Illuminate\\Console\\OutputStyle))
#17 /home/mvera/Proyectos/LATINSOFT/GESTRA/APP GESTRA/api-laravel9/vendor/symfony/console/Application.php(1015): Illuminate\\Console\\Command->run(Object(Symfony\\Component\\Console\\Input\\ArgvInput), Object(Symfony\\Component\\Console\\Output\\ConsoleOutput))
#18 /home/mvera/Proyectos/LATINSOFT/GESTRA/APP GESTRA/api-laravel9/vendor/symfony/console/Application.php(299): Symfony\\Component\\Console\\Application->doRunCommand(Object(Illuminate\\Database\\Console\\Migrations\\MigrateCommand), Object(Symfony\\Component\\Console\\Input\\ArgvInput), Object(Symfony\\Component\\Console\\Output\\ConsoleOutput))
#19 /home/mvera/Proyectos/LATINSOFT/GESTRA/APP GESTRA/api-laravel9/vendor/symfony/console/Application.php(171): Symfony\\Component\\Console\\Application->doRun(Object(Symfony\\Component\\Console\\Input\\ArgvInput), Object(Symfony\\Component\\Console\\Output\\ConsoleOutput))
#20 /home/mvera/Proyectos/LATINSOFT/GESTRA/APP GESTRA/api-laravel9/vendor/laravel/framework/src/Illuminate/Console/Application.php(94): Symfony\\Component\\Console\\Application->run(Object(Symfony\\Component\\Console\\Input\\ArgvInput), Object(Symfony\\Component\\Console\\Output\\ConsoleOutput))
#21 /home/mvera/Proyectos/LATINSOFT/GESTRA/APP GESTRA/api-laravel9/vendor/laravel/framework/src/Illuminate/Foundation/Console/Kernel.php(129): Illuminate\\Console\\Application->run(Object(Symfony\\Component\\Console\\Input\\ArgvInput), Object(Symfony\\Component\\Console\\Output\\ConsoleOutput))
#22 /home/mvera/Proyectos/LATINSOFT/GESTRA/APP GESTRA/api-laravel9/artisan(37): Illuminate\\Foundation\\Console\\Kernel->handle(Object(Symfony\\Component\\Console\\Input\\ArgvInput), Object(Symfony\\Component\\Console\\Output\\ConsoleOutput))
#23 {main}

[previous exception] [object] (PDOException(code: 1045): SQLSTATE[HY000] [1045] Access denied for user 'root'@'localhost' (using password: NO) at /home/mvera/Proyectos/LATINSOFT/GESTRA/APP GESTRA/api-laravel9/vendor/laravel/framework/src/Illuminate/Database/Connectors/Connector.php:70)
[stacktrace]
#0 /home/mvera/Proyectos/LATINSOFT/GESTRA/APP GESTRA/api-laravel9/vendor/laravel/framework/src/Illuminate/Database/Connectors/Connector.php(70): PDO->__construct('mysql:host=127....', 'root', '', Array)
#1 /home/mvera/Proyectos/LATINSOFT/GESTRA/APP GESTRA/api-laravel9/vendor/laravel/framework/src/Illuminate/Database/Connectors/Connector.php(46): Illuminate\\Database\\Connectors\\Connector->createPdoConnection('mysql:host=127....', 'root', '', Array)
#2 /home/mvera/Proyectos/LATINSOFT/GESTRA/APP GESTRA/api-laravel9/vendor/laravel/framework/src/Illuminate/Database/Connectors/MySqlConnector.php(24): Illuminate\\Database\\Connectors\\Connector->createConnection('mysql:host=127....', Array, Array)
#3 /home/mvera/Proyectos/LATINSOFT/GESTRA/APP GESTRA/api-laravel9/vendor/laravel/framework/src/Illuminate/Database/Connectors/ConnectionFactory.php(184): Illuminate\\Database\\Connectors\\MySqlConnector->connect(Array)
#4 [internal function]: Illuminate\\Database\\Connectors\\ConnectionFactory->Illuminate\\Database\\Connectors\\{closure}()
#5 /home/mvera/Proyectos/LATINSOFT/GESTRA/APP GESTRA/api-laravel9/vendor/laravel/framework/src/Illuminate/Database/Connection.php(1064): call_user_func(Object(Closure))
#6 /home/mvera/Proyectos/LATINSOFT/GESTRA/APP GESTRA/api-laravel9/vendor/laravel/framework/src/Illuminate/Database/Connection.php(1100): Illuminate\\Database\\Connection->getPdo()
#7 /home/mvera/Proyectos/LATINSOFT/GESTRA/APP GESTRA/api-laravel9/vendor/laravel/framework/src/Illuminate/Database/Connection.php(442): Illuminate\\Database\\Connection->getReadPdo()
#8 /home/mvera/Proyectos/LATINSOFT/GESTRA/APP GESTRA/api-laravel9/vendor/laravel/framework/src/Illuminate/Database/Connection.php(368): Illuminate\\Database\\Connection->getPdoForSelect(true)
#9 /home/mvera/Proyectos/LATINSOFT/GESTRA/APP GESTRA/api-laravel9/vendor/laravel/framework/src/Illuminate/Database/Connection.php(705): Illuminate\\Database\\Connection->Illuminate\\Database\\{closure}('select * from i...', Array)
#10 /home/mvera/Proyectos/LATINSOFT/GESTRA/APP GESTRA/api-laravel9/vendor/laravel/framework/src/Illuminate/Database/Connection.php(672): Illuminate\\Database\\Connection->runQueryCallback('select * from i...', Array, Object(Closure))
#11 /home/mvera/Proyectos/LATINSOFT/GESTRA/APP GESTRA/api-laravel9/vendor/laravel/framework/src/Illuminate/Database/Connection.php(376): Illuminate\\Database\\Connection->run('select * from i...', Array, Object(Closure))
#12 /home/mvera/Proyectos/LATINSOFT/GESTRA/APP GESTRA/api-laravel9/vendor/laravel/framework/src/Illuminate/Database/Schema/MySqlBuilder.php(44): Illuminate\\Database\\Connection->select('select * from i...', Array)
#13 /home/mvera/Proyectos/LATINSOFT/GESTRA/APP GESTRA/api-laravel9/vendor/laravel/framework/src/Illuminate/Database/Migrations/DatabaseMigrationRepository.php(169): Illuminate\\Database\\Schema\\MySqlBuilder->hasTable('tb_migrations')
#14 /home/mvera/Proyectos/LATINSOFT/GESTRA/APP GESTRA/api-laravel9/vendor/laravel/framework/src/Illuminate/Database/Migrations/Migrator.php(673): Illuminate\\Database\\Migrations\\DatabaseMigrationRepository->repositoryExists()
#15 /home/mvera/Proyectos/LATINSOFT/GESTRA/APP GESTRA/api-laravel9/vendor/laravel/framework/src/Illuminate/Database/Console/Migrations/MigrateCommand.php(110): Illuminate\\Database\\Migrations\\Migrator->repositoryExists()
#16 /home/mvera/Proyectos/LATINSOFT/GESTRA/APP GESTRA/api-laravel9/vendor/laravel/framework/src/Illuminate/Database/Console/Migrations/MigrateCommand.php(78): Illuminate\\Database\\Console\\Migrations\\MigrateCommand->prepareDatabase()
#17 /home/mvera/Proyectos/LATINSOFT/GESTRA/APP GESTRA/api-laravel9/vendor/laravel/framework/src/Illuminate/Database/Migrations/Migrator.php(606): Illuminate\\Database\\Console\\Migrations\\MigrateCommand->Illuminate\\Database\\Console\\Migrations\\{closure}()
#18 /home/mvera/Proyectos/LATINSOFT/GESTRA/APP GESTRA/api-laravel9/vendor/laravel/framework/src/Illuminate/Database/Console/Migrations/MigrateCommand.php(98): Illuminate\\Database\\Migrations\\Migrator->usingConnection(NULL, Object(Closure))
#19 /home/mvera/Proyectos/LATINSOFT/GESTRA/APP GESTRA/api-laravel9/vendor/laravel/framework/src/Illuminate/Container/BoundMethod.php(36): Illuminate\\Database\\Console\\Migrations\\MigrateCommand->handle()
#20 /home/mvera/Proyectos/LATINSOFT/GESTRA/APP GESTRA/api-laravel9/vendor/laravel/framework/src/Illuminate/Container/Util.php(40): Illuminate\\Container\\BoundMethod::Illuminate\\Container\\{closure}()
#21 /home/mvera/Proyectos/LATINSOFT/GESTRA/APP GESTRA/api-laravel9/vendor/laravel/framework/src/Illuminate/Container/BoundMethod.php(93): Illuminate\\Container\\Util::unwrapIfClosure(Object(Closure))
#22 /home/mvera/Proyectos/LATINSOFT/GESTRA/APP GESTRA/api-laravel9/vendor/laravel/framework/src/Illuminate/Container/BoundMethod.php(37): Illuminate\\Container\\BoundMethod::callBoundMethod(Object(Illuminate\\Foundation\\Application), Array, Object(Closure))
#23 /home/mvera/Proyectos/LATINSOFT/GESTRA/APP GESTRA/api-laravel9/vendor/laravel/framework/src/Illuminate/Container/Container.php(653): Illuminate\\Container\\BoundMethod::call(Object(Illuminate\\Foundation\\Application), Array, Array, NULL)
#24 /home/mvera/Proyectos/LATINSOFT/GESTRA/APP GESTRA/api-laravel9/vendor/laravel/framework/src/Illuminate/Console/Command.php(136): Illuminate\\Container\\Container->call(Array)
#25 /home/mvera/Proyectos/LATINSOFT/GESTRA/APP GESTRA/api-laravel9/vendor/symfony/console/Command/Command.php(298): Illuminate\\Console\\Command->execute(Object(Symfony\\Component\\Console\\Input\\ArgvInput), Object(Illuminate\\Console\\OutputStyle))
#26 /home/mvera/Proyectos/LATINSOFT/GESTRA/APP GESTRA/api-laravel9/vendor/laravel/framework/src/Illuminate/Console/Command.php(121): Symfony\\Component\\Console\\Command\\Command->run(Object(Symfony\\Component\\Console\\Input\\ArgvInput), Object(Illuminate\\Console\\OutputStyle))
#27 /home/mvera/Proyectos/LATINSOFT/GESTRA/APP GESTRA/api-laravel9/vendor/symfony/console/Application.php(1015): Illuminate\\Console\\Command->run(Object(Symfony\\Component\\Console\\Input\\ArgvInput), Object(Symfony\\Component\\Console\\Output\\ConsoleOutput))
#28 /home/mvera/Proyectos/LATINSOFT/GESTRA/APP GESTRA/api-laravel9/vendor/symfony/console/Application.php(299): Symfony\\Component\\Console\\Application->doRunCommand(Object(Illuminate\\Database\\Console\\Migrations\\MigrateCommand), Object(Symfony\\Component\\Console\\Input\\ArgvInput), Object(Symfony\\Component\\Console\\Output\\ConsoleOutput))
#29 /home/mvera/Proyectos/LATINSOFT/GESTRA/APP GESTRA/api-laravel9/vendor/symfony/console/Application.php(171): Symfony\\Component\\Console\\Application->doRun(Object(Symfony\\Component\\Console\\Input\\ArgvInput), Object(Symfony\\Component\\Console\\Output\\ConsoleOutput))
#30 /home/mvera/Proyectos/LATINSOFT/GESTRA/APP GESTRA/api-laravel9/vendor/laravel/framework/src/Illuminate/Console/Application.php(94): Symfony\\Component\\Console\\Application->run(Object(Symfony\\Component\\Console\\Input\\ArgvInput), Object(Symfony\\Component\\Console\\Output\\ConsoleOutput))
#31 /home/mvera/Proyectos/LATINSOFT/GESTRA/APP GESTRA/api-laravel9/vendor/laravel/framework/src/Illuminate/Foundation/Console/Kernel.php(129): Illuminate\\Console\\Application->run(Object(Symfony\\Component\\Console\\Input\\ArgvInput), Object(Symfony\\Component\\Console\\Output\\ConsoleOutput))
#32 /home/mvera/Proyectos/LATINSOFT/GESTRA/APP GESTRA/api-laravel9/artisan(37): Illuminate\\Foundation\\Console\\Kernel->handle(Object(Symfony\\Component\\Console\\Input\\ArgvInput), Object(Symfony\\Component\\Console\\Output\\ConsoleOutput))
#33 {main}
"} 
[2022-04-13 17:00:25] local.ERROR: SQLSTATE[HY000] [1045] Access denied for user 'root'@'localhost' (using password: NO) (SQL: select * from information_schema.tables where table_schema = db_laravel and table_name = tb_migrations and table_type = 'BASE TABLE') {"exception":"[object] (Illuminate\\Database\\QueryException(code: 1045): SQLSTATE[HY000] [1045] Access denied for user 'root'@'localhost' (using password: NO) (SQL: select * from information_schema.tables where table_schema = db_laravel and table_name = tb_migrations and table_type = 'BASE TABLE') at /home/mvera/Proyectos/LATINSOFT/GESTRA/APP GESTRA/api-laravel9/vendor/laravel/framework/src/Illuminate/Database/Connection.php:712)
[stacktrace]
#0 /home/mvera/Proyectos/LATINSOFT/GESTRA/APP GESTRA/api-laravel9/vendor/laravel/framework/src/Illuminate/Database/Connection.php(672): Illuminate\\Database\\Connection->runQueryCallback('select * from i...', Array, Object(Closure))
#1 /home/mvera/Proyectos/LATINSOFT/GESTRA/APP GESTRA/api-laravel9/vendor/laravel/framework/src/Illuminate/Database/Connection.php(376): Illuminate\\Database\\Connection->run('select * from i...', Array, Object(Closure))
#2 /home/mvera/Proyectos/LATINSOFT/GESTRA/APP GESTRA/api-laravel9/vendor/laravel/framework/src/Illuminate/Database/Schema/MySqlBuilder.php(44): Illuminate\\Database\\Connection->select('select * from i...', Array)
#3 /home/mvera/Proyectos/LATINSOFT/GESTRA/APP GESTRA/api-laravel9/vendor/laravel/framework/src/Illuminate/Database/Migrations/DatabaseMigrationRepository.php(169): Illuminate\\Database\\Schema\\MySqlBuilder->hasTable('tb_migrations')
#4 /home/mvera/Proyectos/LATINSOFT/GESTRA/APP GESTRA/api-laravel9/vendor/laravel/framework/src/Illuminate/Database/Migrations/Migrator.php(673): Illuminate\\Database\\Migrations\\DatabaseMigrationRepository->repositoryExists()
#5 /home/mvera/Proyectos/LATINSOFT/GESTRA/APP GESTRA/api-laravel9/vendor/laravel/framework/src/Illuminate/Database/Console/Migrations/MigrateCommand.php(110): Illuminate\\Database\\Migrations\\Migrator->repositoryExists()
#6 /home/mvera/Proyectos/LATINSOFT/GESTRA/APP GESTRA/api-laravel9/vendor/laravel/framework/src/Illuminate/Database/Console/Migrations/MigrateCommand.php(78): Illuminate\\Database\\Console\\Migrations\\MigrateCommand->prepareDatabase()
#7 /home/mvera/Proyectos/LATINSOFT/GESTRA/APP GESTRA/api-laravel9/vendor/laravel/framework/src/Illuminate/Database/Migrations/Migrator.php(606): Illuminate\\Database\\Console\\Migrations\\MigrateCommand->Illuminate\\Database\\Console\\Migrations\\{closure}()
#8 /home/mvera/Proyectos/LATINSOFT/GESTRA/APP GESTRA/api-laravel9/vendor/laravel/framework/src/Illuminate/Database/Console/Migrations/MigrateCommand.php(98): Illuminate\\Database\\Migrations\\Migrator->usingConnection(NULL, Object(Closure))
#9 /home/mvera/Proyectos/LATINSOFT/GESTRA/APP GESTRA/api-laravel9/vendor/laravel/framework/src/Illuminate/Container/BoundMethod.php(36): Illuminate\\Database\\Console\\Migrations\\MigrateCommand->handle()
#10 /home/mvera/Proyectos/LATINSOFT/GESTRA/APP GESTRA/api-laravel9/vendor/laravel/framework/src/Illuminate/Container/Util.php(40): Illuminate\\Container\\BoundMethod::Illuminate\\Container\\{closure}()
#11 /home/mvera/Proyectos/LATINSOFT/GESTRA/APP GESTRA/api-laravel9/vendor/laravel/framework/src/Illuminate/Container/BoundMethod.php(93): Illuminate\\Container\\Util::unwrapIfClosure(Object(Closure))
#12 /home/mvera/Proyectos/LATINSOFT/GESTRA/APP GESTRA/api-laravel9/vendor/laravel/framework/src/Illuminate/Container/BoundMethod.php(37): Illuminate\\Container\\BoundMethod::callBoundMethod(Object(Illuminate\\Foundation\\Application), Array, Object(Closure))
#13 /home/mvera/Proyectos/LATINSOFT/GESTRA/APP GESTRA/api-laravel9/vendor/laravel/framework/src/Illuminate/Container/Container.php(653): Illuminate\\Container\\BoundMethod::call(Object(Illuminate\\Foundation\\Application), Array, Array, NULL)
#14 /home/mvera/Proyectos/LATINSOFT/GESTRA/APP GESTRA/api-laravel9/vendor/laravel/framework/src/Illuminate/Console/Command.php(136): Illuminate\\Container\\Container->call(Array)
#15 /home/mvera/Proyectos/LATINSOFT/GESTRA/APP GESTRA/api-laravel9/vendor/symfony/console/Command/Command.php(298): Illuminate\\Console\\Command->execute(Object(Symfony\\Component\\Console\\Input\\ArgvInput), Object(Illuminate\\Console\\OutputStyle))
#16 /home/mvera/Proyectos/LATINSOFT/GESTRA/APP GESTRA/api-laravel9/vendor/laravel/framework/src/Illuminate/Console/Command.php(121): Symfony\\Component\\Console\\Command\\Command->run(Object(Symfony\\Component\\Console\\Input\\ArgvInput), Object(Illuminate\\Console\\OutputStyle))
#17 /home/mvera/Proyectos/LATINSOFT/GESTRA/APP GESTRA/api-laravel9/vendor/symfony/console/Application.php(1015): Illuminate\\Console\\Command->run(Object(Symfony\\Component\\Console\\Input\\ArgvInput), Object(Symfony\\Component\\Console\\Output\\ConsoleOutput))
#18 /home/mvera/Proyectos/LATINSOFT/GESTRA/APP GESTRA/api-laravel9/vendor/symfony/console/Application.php(299): Symfony\\Component\\Console\\Application->doRunCommand(Object(Illuminate\\Database\\Console\\Migrations\\MigrateCommand), Object(Symfony\\Component\\Console\\Input\\ArgvInput), Object(Symfony\\Component\\Console\\Output\\ConsoleOutput))
#19 /home/mvera/Proyectos/LATINSOFT/GESTRA/APP GESTRA/api-laravel9/vendor/symfony/console/Application.php(171): Symfony\\Component\\Console\\Application->doRun(Object(Symfony\\Component\\Console\\Input\\ArgvInput), Object(Symfony\\Component\\Console\\Output\\ConsoleOutput))
#20 /home/mvera/Proyectos/LATINSOFT/GESTRA/APP GESTRA/api-laravel9/vendor/laravel/framework/src/Illuminate/Console/Application.php(94): Symfony\\Component\\Console\\Application->run(Object(Symfony\\Component\\Console\\Input\\ArgvInput), Object(Symfony\\Component\\Console\\Output\\ConsoleOutput))
#21 /home/mvera/Proyectos/LATINSOFT/GESTRA/APP GESTRA/api-laravel9/vendor/laravel/framework/src/Illuminate/Foundation/Console/Kernel.php(129): Illuminate\\Console\\Application->run(Object(Symfony\\Component\\Console\\Input\\ArgvInput), Object(Symfony\\Component\\Console\\Output\\ConsoleOutput))
#22 /home/mvera/Proyectos/LATINSOFT/GESTRA/APP GESTRA/api-laravel9/artisan(37): Illuminate\\Foundation\\Console\\Kernel->handle(Object(Symfony\\Component\\Console\\Input\\ArgvInput), Object(Symfony\\Component\\Console\\Output\\ConsoleOutput))
#23 {main}

[previous exception] [object] (PDOException(code: 1045): SQLSTATE[HY000] [1045] Access denied for user 'root'@'localhost' (using password: NO) at /home/mvera/Proyectos/LATINSOFT/GESTRA/APP GESTRA/api-laravel9/vendor/laravel/framework/src/Illuminate/Database/Connectors/Connector.php:70)
[stacktrace]
#0 /home/mvera/Proyectos/LATINSOFT/GESTRA/APP GESTRA/api-laravel9/vendor/laravel/framework/src/Illuminate/Database/Connectors/Connector.php(70): PDO->__construct('mysql:host=127....', 'root', '', Array)
#1 /home/mvera/Proyectos/LATINSOFT/GESTRA/APP GESTRA/api-laravel9/vendor/laravel/framework/src/Illuminate/Database/Connectors/Connector.php(46): Illuminate\\Database\\Connectors\\Connector->createPdoConnection('mysql:host=127....', 'root', '', Array)
#2 /home/mvera/Proyectos/LATINSOFT/GESTRA/APP GESTRA/api-laravel9/vendor/laravel/framework/src/Illuminate/Database/Connectors/MySqlConnector.php(24): Illuminate\\Database\\Connectors\\Connector->createConnection('mysql:host=127....', Array, Array)
#3 /home/mvera/Proyectos/LATINSOFT/GESTRA/APP GESTRA/api-laravel9/vendor/laravel/framework/src/Illuminate/Database/Connectors/ConnectionFactory.php(184): Illuminate\\Database\\Connectors\\MySqlConnector->connect(Array)
#4 [internal function]: Illuminate\\Database\\Connectors\\ConnectionFactory->Illuminate\\Database\\Connectors\\{closure}()
#5 /home/mvera/Proyectos/LATINSOFT/GESTRA/APP GESTRA/api-laravel9/vendor/laravel/framework/src/Illuminate/Database/Connection.php(1064): call_user_func(Object(Closure))
#6 /home/mvera/Proyectos/LATINSOFT/GESTRA/APP GESTRA/api-laravel9/vendor/laravel/framework/src/Illuminate/Database/Connection.php(1100): Illuminate\\Database\\Connection->getPdo()
#7 /home/mvera/Proyectos/LATINSOFT/GESTRA/APP GESTRA/api-laravel9/vendor/laravel/framework/src/Illuminate/Database/Connection.php(442): Illuminate\\Database\\Connection->getReadPdo()
#8 /home/mvera/Proyectos/LATINSOFT/GESTRA/APP GESTRA/api-laravel9/vendor/laravel/framework/src/Illuminate/Database/Connection.php(368): Illuminate\\Database\\Connection->getPdoForSelect(true)
#9 /home/mvera/Proyectos/LATINSOFT/GESTRA/APP GESTRA/api-laravel9/vendor/laravel/framework/src/Illuminate/Database/Connection.php(705): Illuminate\\Database\\Connection->Illuminate\\Database\\{closure}('select * from i...', Array)
#10 /home/mvera/Proyectos/LATINSOFT/GESTRA/APP GESTRA/api-laravel9/vendor/laravel/framework/src/Illuminate/Database/Connection.php(672): Illuminate\\Database\\Connection->runQueryCallback('select * from i...', Array, Object(Closure))
#11 /home/mvera/Proyectos/LATINSOFT/GESTRA/APP GESTRA/api-laravel9/vendor/laravel/framework/src/Illuminate/Database/Connection.php(376): Illuminate\\Database\\Connection->run('select * from i...', Array, Object(Closure))
#12 /home/mvera/Proyectos/LATINSOFT/GESTRA/APP GESTRA/api-laravel9/vendor/laravel/framework/src/Illuminate/Database/Schema/MySqlBuilder.php(44): Illuminate\\Database\\Connection->select('select * from i...', Array)
#13 /home/mvera/Proyectos/LATINSOFT/GESTRA/APP GESTRA/api-laravel9/vendor/laravel/framework/src/Illuminate/Database/Migrations/DatabaseMigrationRepository.php(169): Illuminate\\Database\\Schema\\MySqlBuilder->hasTable('tb_migrations')
#14 /home/mvera/Proyectos/LATINSOFT/GESTRA/APP GESTRA/api-laravel9/vendor/laravel/framework/src/Illuminate/Database/Migrations/Migrator.php(673): Illuminate\\Database\\Migrations\\DatabaseMigrationRepository->repositoryExists()
#15 /home/mvera/Proyectos/LATINSOFT/GESTRA/APP GESTRA/api-laravel9/vendor/laravel/framework/src/Illuminate/Database/Console/Migrations/MigrateCommand.php(110): Illuminate\\Database\\Migrations\\Migrator->repositoryExists()
#16 /home/mvera/Proyectos/LATINSOFT/GESTRA/APP GESTRA/api-laravel9/vendor/laravel/framework/src/Illuminate/Database/Console/Migrations/MigrateCommand.php(78): Illuminate\\Database\\Console\\Migrations\\MigrateCommand->prepareDatabase()
#17 /home/mvera/Proyectos/LATINSOFT/GESTRA/APP GESTRA/api-laravel9/vendor/laravel/framework/src/Illuminate/Database/Migrations/Migrator.php(606): Illuminate\\Database\\Console\\Migrations\\MigrateCommand->Illuminate\\Database\\Console\\Migrations\\{closure}()
#18 /home/mvera/Proyectos/LATINSOFT/GESTRA/APP GESTRA/api-laravel9/vendor/laravel/framework/src/Illuminate/Database/Console/Migrations/MigrateCommand.php(98): Illuminate\\Database\\Migrations\\Migrator->usingConnection(NULL, Object(Closure))
#19 /home/mvera/Proyectos/LATINSOFT/GESTRA/APP GESTRA/api-laravel9/vendor/laravel/framework/src/Illuminate/Container/BoundMethod.php(36): Illuminate\\Database\\Console\\Migrations\\MigrateCommand->handle()
#20 /home/mvera/Proyectos/LATINSOFT/GESTRA/APP GESTRA/api-laravel9/vendor/laravel/framework/src/Illuminate/Container/Util.php(40): Illuminate\\Container\\BoundMethod::Illuminate\\Container\\{closure}()
#21 /home/mvera/Proyectos/LATINSOFT/GESTRA/APP GESTRA/api-laravel9/vendor/laravel/framework/src/Illuminate/Container/BoundMethod.php(93): Illuminate\\Container\\Util::unwrapIfClosure(Object(Closure))
#22 /home/mvera/Proyectos/LATINSOFT/GESTRA/APP GESTRA/api-laravel9/vendor/laravel/framework/src/Illuminate/Container/BoundMethod.php(37): Illuminate\\Container\\BoundMethod::callBoundMethod(Object(Illuminate\\Foundation\\Application), Array, Object(Closure))
#23 /home/mvera/Proyectos/LATINSOFT/GESTRA/APP GESTRA/api-laravel9/vendor/laravel/framework/src/Illuminate/Container/Container.php(653): Illuminate\\Container\\BoundMethod::call(Object(Illuminate\\Foundation\\Application), Array, Array, NULL)
#24 /home/mvera/Proyectos/LATINSOFT/GESTRA/APP GESTRA/api-laravel9/vendor/laravel/framework/src/Illuminate/Console/Command.php(136): Illuminate\\Container\\Container->call(Array)
#25 /home/mvera/Proyectos/LATINSOFT/GESTRA/APP GESTRA/api-laravel9/vendor/symfony/console/Command/Command.php(298): Illuminate\\Console\\Command->execute(Object(Symfony\\Component\\Console\\Input\\ArgvInput), Object(Illuminate\\Console\\OutputStyle))
#26 /home/mvera/Proyectos/LATINSOFT/GESTRA/APP GESTRA/api-laravel9/vendor/laravel/framework/src/Illuminate/Console/Command.php(121): Symfony\\Component\\Console\\Command\\Command->run(Object(Symfony\\Component\\Console\\Input\\ArgvInput), Object(Illuminate\\Console\\OutputStyle))
#27 /home/mvera/Proyectos/LATINSOFT/GESTRA/APP GESTRA/api-laravel9/vendor/symfony/console/Application.php(1015): Illuminate\\Console\\Command->run(Object(Symfony\\Component\\Console\\Input\\ArgvInput), Object(Symfony\\Component\\Console\\Output\\ConsoleOutput))
#28 /home/mvera/Proyectos/LATINSOFT/GESTRA/APP GESTRA/api-laravel9/vendor/symfony/console/Application.php(299): Symfony\\Component\\Console\\Application->doRunCommand(Object(Illuminate\\Database\\Console\\Migrations\\MigrateCommand), Object(Symfony\\Component\\Console\\Input\\ArgvInput), Object(Symfony\\Component\\Console\\Output\\ConsoleOutput))
#29 /home/mvera/Proyectos/LATINSOFT/GESTRA/APP GESTRA/api-laravel9/vendor/symfony/console/Application.php(171): Symfony\\Component\\Console\\Application->doRun(Object(Symfony\\Component\\Console\\Input\\ArgvInput), Object(Symfony\\Component\\Console\\Output\\ConsoleOutput))
#30 /home/mvera/Proyectos/LATINSOFT/GESTRA/APP GESTRA/api-laravel9/vendor/laravel/framework/src/Illuminate/Console/Application.php(94): Symfony\\Component\\Console\\Application->run(Object(Symfony\\Component\\Console\\Input\\ArgvInput), Object(Symfony\\Component\\Console\\Output\\ConsoleOutput))
#31 /home/mvera/Proyectos/LATINSOFT/GESTRA/APP GESTRA/api-laravel9/vendor/laravel/framework/src/Illuminate/Foundation/Console/Kernel.php(129): Illuminate\\Console\\Application->run(Object(Symfony\\Component\\Console\\Input\\ArgvInput), Object(Symfony\\Component\\Console\\Output\\ConsoleOutput))
#32 /home/mvera/Proyectos/LATINSOFT/GESTRA/APP GESTRA/api-laravel9/artisan(37): Illuminate\\Foundation\\Console\\Kernel->handle(Object(Symfony\\Component\\Console\\Input\\ArgvInput), Object(Symfony\\Component\\Console\\Output\\ConsoleOutput))
#33 {main}
"} 
[2022-04-13 17:00:47] local.ERROR: SQLSTATE[HY000] [1045] Access denied for user 'root'@'localhost' (using password: NO) (SQL: select * from information_schema.tables where table_schema = db_laravel and table_name = tb_migrations and table_type = 'BASE TABLE') {"exception":"[object] (Illuminate\\Database\\QueryException(code: 1045): SQLSTATE[HY000] [1045] Access denied for user 'root'@'localhost' (using password: NO) (SQL: select * from information_schema.tables where table_schema = db_laravel and table_name = tb_migrations and table_type = 'BASE TABLE') at /home/mvera/Proyectos/LATINSOFT/GESTRA/APP GESTRA/api-laravel9/vendor/laravel/framework/src/Illuminate/Database/Connection.php:712)
[stacktrace]
#0 /home/mvera/Proyectos/LATINSOFT/GESTRA/APP GESTRA/api-laravel9/vendor/laravel/framework/src/Illuminate/Database/Connection.php(672): Illuminate\\Database\\Connection->runQueryCallback('select * from i...', Array, Object(Closure))
#1 /home/mvera/Proyectos/LATINSOFT/GESTRA/APP GESTRA/api-laravel9/vendor/laravel/framework/src/Illuminate/Database/Connection.php(376): Illuminate\\Database\\Connection->run('select * from i...', Array, Object(Closure))
#2 /home/mvera/Proyectos/LATINSOFT/GESTRA/APP GESTRA/api-laravel9/vendor/laravel/framework/src/Illuminate/Database/Schema/MySqlBuilder.php(44): Illuminate\\Database\\Connection->select('select * from i...', Array)
#3 /home/mvera/Proyectos/LATINSOFT/GESTRA/APP GESTRA/api-laravel9/vendor/laravel/framework/src/Illuminate/Database/Migrations/DatabaseMigrationRepository.php(169): Illuminate\\Database\\Schema\\MySqlBuilder->hasTable('tb_migrations')
#4 /home/mvera/Proyectos/LATINSOFT/GESTRA/APP GESTRA/api-laravel9/vendor/laravel/framework/src/Illuminate/Database/Migrations/Migrator.php(673): Illuminate\\Database\\Migrations\\DatabaseMigrationRepository->repositoryExists()
#5 /home/mvera/Proyectos/LATINSOFT/GESTRA/APP GESTRA/api-laravel9/vendor/laravel/framework/src/Illuminate/Database/Console/Migrations/MigrateCommand.php(110): Illuminate\\Database\\Migrations\\Migrator->repositoryExists()
#6 /home/mvera/Proyectos/LATINSOFT/GESTRA/APP GESTRA/api-laravel9/vendor/laravel/framework/src/Illuminate/Database/Console/Migrations/MigrateCommand.php(78): Illuminate\\Database\\Console\\Migrations\\MigrateCommand->prepareDatabase()
#7 /home/mvera/Proyectos/LATINSOFT/GESTRA/APP GESTRA/api-laravel9/vendor/laravel/framework/src/Illuminate/Database/Migrations/Migrator.php(606): Illuminate\\Database\\Console\\Migrations\\MigrateCommand->Illuminate\\Database\\Console\\Migrations\\{closure}()
#8 /home/mvera/Proyectos/LATINSOFT/GESTRA/APP GESTRA/api-laravel9/vendor/laravel/framework/src/Illuminate/Database/Console/Migrations/MigrateCommand.php(98): Illuminate\\Database\\Migrations\\Migrator->usingConnection(NULL, Object(Closure))
#9 /home/mvera/Proyectos/LATINSOFT/GESTRA/APP GESTRA/api-laravel9/vendor/laravel/framework/src/Illuminate/Container/BoundMethod.php(36): Illuminate\\Database\\Console\\Migrations\\MigrateCommand->handle()
#10 /home/mvera/Proyectos/LATINSOFT/GESTRA/APP GESTRA/api-laravel9/vendor/laravel/framework/src/Illuminate/Container/Util.php(40): Illuminate\\Container\\BoundMethod::Illuminate\\Container\\{closure}()
#11 /home/mvera/Proyectos/LATINSOFT/GESTRA/APP GESTRA/api-laravel9/vendor/laravel/framework/src/Illuminate/Container/BoundMethod.php(93): Illuminate\\Container\\Util::unwrapIfClosure(Object(Closure))
#12 /home/mvera/Proyectos/LATINSOFT/GESTRA/APP GESTRA/api-laravel9/vendor/laravel/framework/src/Illuminate/Container/BoundMethod.php(37): Illuminate\\Container\\BoundMethod::callBoundMethod(Object(Illuminate\\Foundation\\Application), Array, Object(Closure))
#13 /home/mvera/Proyectos/LATINSOFT/GESTRA/APP GESTRA/api-laravel9/vendor/laravel/framework/src/Illuminate/Container/Container.php(653): Illuminate\\Container\\BoundMethod::call(Object(Illuminate\\Foundation\\Application), Array, Array, NULL)
#14 /home/mvera/Proyectos/LATINSOFT/GESTRA/APP GESTRA/api-laravel9/vendor/laravel/framework/src/Illuminate/Console/Command.php(136): Illuminate\\Container\\Container->call(Array)
#15 /home/mvera/Proyectos/LATINSOFT/GESTRA/APP GESTRA/api-laravel9/vendor/symfony/console/Command/Command.php(298): Illuminate\\Console\\Command->execute(Object(Symfony\\Component\\Console\\Input\\ArgvInput), Object(Illuminate\\Console\\OutputStyle))
#16 /home/mvera/Proyectos/LATINSOFT/GESTRA/APP GESTRA/api-laravel9/vendor/laravel/framework/src/Illuminate/Console/Command.php(121): Symfony\\Component\\Console\\Command\\Command->run(Object(Symfony\\Component\\Console\\Input\\ArgvInput), Object(Illuminate\\Console\\OutputStyle))
#17 /home/mvera/Proyectos/LATINSOFT/GESTRA/APP GESTRA/api-laravel9/vendor/symfony/console/Application.php(1015): Illuminate\\Console\\Command->run(Object(Symfony\\Component\\Console\\Input\\ArgvInput), Object(Symfony\\Component\\Console\\Output\\ConsoleOutput))
#18 /home/mvera/Proyectos/LATINSOFT/GESTRA/APP GESTRA/api-laravel9/vendor/symfony/console/Application.php(299): Symfony\\Component\\Console\\Application->doRunCommand(Object(Illuminate\\Database\\Console\\Migrations\\MigrateCommand), Object(Symfony\\Component\\Console\\Input\\ArgvInput), Object(Symfony\\Component\\Console\\Output\\ConsoleOutput))
#19 /home/mvera/Proyectos/LATINSOFT/GESTRA/APP GESTRA/api-laravel9/vendor/symfony/console/Application.php(171): Symfony\\Component\\Console\\Application->doRun(Object(Symfony\\Component\\Console\\Input\\ArgvInput), Object(Symfony\\Component\\Console\\Output\\ConsoleOutput))
#20 /home/mvera/Proyectos/LATINSOFT/GESTRA/APP GESTRA/api-laravel9/vendor/laravel/framework/src/Illuminate/Console/Application.php(94): Symfony\\Component\\Console\\Application->run(Object(Symfony\\Component\\Console\\Input\\ArgvInput), Object(Symfony\\Component\\Console\\Output\\ConsoleOutput))
#21 /home/mvera/Proyectos/LATINSOFT/GESTRA/APP GESTRA/api-laravel9/vendor/laravel/framework/src/Illuminate/Foundation/Console/Kernel.php(129): Illuminate\\Console\\Application->run(Object(Symfony\\Component\\Console\\Input\\ArgvInput), Object(Symfony\\Component\\Console\\Output\\ConsoleOutput))
#22 /home/mvera/Proyectos/LATINSOFT/GESTRA/APP GESTRA/api-laravel9/artisan(37): Illuminate\\Foundation\\Console\\Kernel->handle(Object(Symfony\\Component\\Console\\Input\\ArgvInput), Object(Symfony\\Component\\Console\\Output\\ConsoleOutput))
#23 {main}

[previous exception] [object] (PDOException(code: 1045): SQLSTATE[HY000] [1045] Access denied for user 'root'@'localhost' (using password: NO) at /home/mvera/Proyectos/LATINSOFT/GESTRA/APP GESTRA/api-laravel9/vendor/laravel/framework/src/Illuminate/Database/Connectors/Connector.php:70)
[stacktrace]
#0 /home/mvera/Proyectos/LATINSOFT/GESTRA/APP GESTRA/api-laravel9/vendor/laravel/framework/src/Illuminate/Database/Connectors/Connector.php(70): PDO->__construct('mysql:host=127....', 'root', '', Array)
#1 /home/mvera/Proyectos/LATINSOFT/GESTRA/APP GESTRA/api-laravel9/vendor/laravel/framework/src/Illuminate/Database/Connectors/Connector.php(46): Illuminate\\Database\\Connectors\\Connector->createPdoConnection('mysql:host=127....', 'root', '', Array)
#2 /home/mvera/Proyectos/LATINSOFT/GESTRA/APP GESTRA/api-laravel9/vendor/laravel/framework/src/Illuminate/Database/Connectors/MySqlConnector.php(24): Illuminate\\Database\\Connectors\\Connector->createConnection('mysql:host=127....', Array, Array)
#3 /home/mvera/Proyectos/LATINSOFT/GESTRA/APP GESTRA/api-laravel9/vendor/laravel/framework/src/Illuminate/Database/Connectors/ConnectionFactory.php(184): Illuminate\\Database\\Connectors\\MySqlConnector->connect(Array)
#4 [internal function]: Illuminate\\Database\\Connectors\\ConnectionFactory->Illuminate\\Database\\Connectors\\{closure}()
#5 /home/mvera/Proyectos/LATINSOFT/GESTRA/APP GESTRA/api-laravel9/vendor/laravel/framework/src/Illuminate/Database/Connection.php(1064): call_user_func(Object(Closure))
#6 /home/mvera/Proyectos/LATINSOFT/GESTRA/APP GESTRA/api-laravel9/vendor/laravel/framework/src/Illuminate/Database/Connection.php(1100): Illuminate\\Database\\Connection->getPdo()
#7 /home/mvera/Proyectos/LATINSOFT/GESTRA/APP GESTRA/api-laravel9/vendor/laravel/framework/src/Illuminate/Database/Connection.php(442): Illuminate\\Database\\Connection->getReadPdo()
#8 /home/mvera/Proyectos/LATINSOFT/GESTRA/APP GESTRA/api-laravel9/vendor/laravel/framework/src/Illuminate/Database/Connection.php(368): Illuminate\\Database\\Connection->getPdoForSelect(true)
#9 /home/mvera/Proyectos/LATINSOFT/GESTRA/APP GESTRA/api-laravel9/vendor/laravel/framework/src/Illuminate/Database/Connection.php(705): Illuminate\\Database\\Connection->Illuminate\\Database\\{closure}('select * from i...', Array)
#10 /home/mvera/Proyectos/LATINSOFT/GESTRA/APP GESTRA/api-laravel9/vendor/laravel/framework/src/Illuminate/Database/Connection.php(672): Illuminate\\Database\\Connection->runQueryCallback('select * from i...', Array, Object(Closure))
#11 /home/mvera/Proyectos/LATINSOFT/GESTRA/APP GESTRA/api-laravel9/vendor/laravel/framework/src/Illuminate/Database/Connection.php(376): Illuminate\\Database\\Connection->run('select * from i...', Array, Object(Closure))
#12 /home/mvera/Proyectos/LATINSOFT/GESTRA/APP GESTRA/api-laravel9/vendor/laravel/framework/src/Illuminate/Database/Schema/MySqlBuilder.php(44): Illuminate\\Database\\Connection->select('select * from i...', Array)
#13 /home/mvera/Proyectos/LATINSOFT/GESTRA/APP GESTRA/api-laravel9/vendor/laravel/framework/src/Illuminate/Database/Migrations/DatabaseMigrationRepository.php(169): Illuminate\\Database\\Schema\\MySqlBuilder->hasTable('tb_migrations')
#14 /home/mvera/Proyectos/LATINSOFT/GESTRA/APP GESTRA/api-laravel9/vendor/laravel/framework/src/Illuminate/Database/Migrations/Migrator.php(673): Illuminate\\Database\\Migrations\\DatabaseMigrationRepository->repositoryExists()
#15 /home/mvera/Proyectos/LATINSOFT/GESTRA/APP GESTRA/api-laravel9/vendor/laravel/framework/src/Illuminate/Database/Console/Migrations/MigrateCommand.php(110): Illuminate\\Database\\Migrations\\Migrator->repositoryExists()
#16 /home/mvera/Proyectos/LATINSOFT/GESTRA/APP GESTRA/api-laravel9/vendor/laravel/framework/src/Illuminate/Database/Console/Migrations/MigrateCommand.php(78): Illuminate\\Database\\Console\\Migrations\\MigrateCommand->prepareDatabase()
#17 /home/mvera/Proyectos/LATINSOFT/GESTRA/APP GESTRA/api-laravel9/vendor/laravel/framework/src/Illuminate/Database/Migrations/Migrator.php(606): Illuminate\\Database\\Console\\Migrations\\MigrateCommand->Illuminate\\Database\\Console\\Migrations\\{closure}()
#18 /home/mvera/Proyectos/LATINSOFT/GESTRA/APP GESTRA/api-laravel9/vendor/laravel/framework/src/Illuminate/Database/Console/Migrations/MigrateCommand.php(98): Illuminate\\Database\\Migrations\\Migrator->usingConnection(NULL, Object(Closure))
#19 /home/mvera/Proyectos/LATINSOFT/GESTRA/APP GESTRA/api-laravel9/vendor/laravel/framework/src/Illuminate/Container/BoundMethod.php(36): Illuminate\\Database\\Console\\Migrations\\MigrateCommand->handle()
#20 /home/mvera/Proyectos/LATINSOFT/GESTRA/APP GESTRA/api-laravel9/vendor/laravel/framework/src/Illuminate/Container/Util.php(40): Illuminate\\Container\\BoundMethod::Illuminate\\Container\\{closure}()
#21 /home/mvera/Proyectos/LATINSOFT/GESTRA/APP GESTRA/api-laravel9/vendor/laravel/framework/src/Illuminate/Container/BoundMethod.php(93): Illuminate\\Container\\Util::unwrapIfClosure(Object(Closure))
#22 /home/mvera/Proyectos/LATINSOFT/GESTRA/APP GESTRA/api-laravel9/vendor/laravel/framework/src/Illuminate/Container/BoundMethod.php(37): Illuminate\\Container\\BoundMethod::callBoundMethod(Object(Illuminate\\Foundation\\Application), Array, Object(Closure))
#23 /home/mvera/Proyectos/LATINSOFT/GESTRA/APP GESTRA/api-laravel9/vendor/laravel/framework/src/Illuminate/Container/Container.php(653): Illuminate\\Container\\BoundMethod::call(Object(Illuminate\\Foundation\\Application), Array, Array, NULL)
#24 /home/mvera/Proyectos/LATINSOFT/GESTRA/APP GESTRA/api-laravel9/vendor/laravel/framework/src/Illuminate/Console/Command.php(136): Illuminate\\Container\\Container->call(Array)
#25 /home/mvera/Proyectos/LATINSOFT/GESTRA/APP GESTRA/api-laravel9/vendor/symfony/console/Command/Command.php(298): Illuminate\\Console\\Command->execute(Object(Symfony\\Component\\Console\\Input\\ArgvInput), Object(Illuminate\\Console\\OutputStyle))
#26 /home/mvera/Proyectos/LATINSOFT/GESTRA/APP GESTRA/api-laravel9/vendor/laravel/framework/src/Illuminate/Console/Command.php(121): Symfony\\Component\\Console\\Command\\Command->run(Object(Symfony\\Component\\Console\\Input\\ArgvInput), Object(Illuminate\\Console\\OutputStyle))
#27 /home/mvera/Proyectos/LATINSOFT/GESTRA/APP GESTRA/api-laravel9/vendor/symfony/console/Application.php(1015): Illuminate\\Console\\Command->run(Object(Symfony\\Component\\Console\\Input\\ArgvInput), Object(Symfony\\Component\\Console\\Output\\ConsoleOutput))
#28 /home/mvera/Proyectos/LATINSOFT/GESTRA/APP GESTRA/api-laravel9/vendor/symfony/console/Application.php(299): Symfony\\Component\\Console\\Application->doRunCommand(Object(Illuminate\\Database\\Console\\Migrations\\MigrateCommand), Object(Symfony\\Component\\Console\\Input\\ArgvInput), Object(Symfony\\Component\\Console\\Output\\ConsoleOutput))
#29 /home/mvera/Proyectos/LATINSOFT/GESTRA/APP GESTRA/api-laravel9/vendor/symfony/console/Application.php(171): Symfony\\Component\\Console\\Application->doRun(Object(Symfony\\Component\\Console\\Input\\ArgvInput), Object(Symfony\\Component\\Console\\Output\\ConsoleOutput))
#30 /home/mvera/Proyectos/LATINSOFT/GESTRA/APP GESTRA/api-laravel9/vendor/laravel/framework/src/Illuminate/Console/Application.php(94): Symfony\\Component\\Console\\Application->run(Object(Symfony\\Component\\Console\\Input\\ArgvInput), Object(Symfony\\Component\\Console\\Output\\ConsoleOutput))
#31 /home/mvera/Proyectos/LATINSOFT/GESTRA/APP GESTRA/api-laravel9/vendor/laravel/framework/src/Illuminate/Foundation/Console/Kernel.php(129): Illuminate\\Console\\Application->run(Object(Symfony\\Component\\Console\\Input\\ArgvInput), Object(Symfony\\Component\\Console\\Output\\ConsoleOutput))
#32 /home/mvera/Proyectos/LATINSOFT/GESTRA/APP GESTRA/api-laravel9/artisan(37): Illuminate\\Foundation\\Console\\Kernel->handle(Object(Symfony\\Component\\Console\\Input\\ArgvInput), Object(Symfony\\Component\\Console\\Output\\ConsoleOutput))
#33 {main}
"} 
